<?xml version="1.0" encoding="UTF-8"?>
<coverage generated="1665432050140" clover="3.2.0">
  <project timestamp="1665432050140" name="All files">
    <metrics statements="7" coveredstatements="7" conditionals="2" coveredconditionals="2" methods="4" coveredmethods="4" elements="13" coveredelements="13" complexity="0" loc="7" ncloc="7" packages="1" files="1" classes="1"/>
    <file name="Appointment.js" path="C:\Users\nizam\Desktop\desktop\Dev\appointments\src\Appointment.js">
      <metrics statements="7" coveredstatements="7" conditionals="2" coveredconditionals="2" methods="4" coveredmethods="4"/>
      <line num="3" count="1" type="stmt"/>
      <line num="4" count="6" type="stmt"/>
      <line num="5" count="6" type="stmt"/>
      <line num="8" count="5" type="stmt"/>
      <line num="10" count="1" type="stmt"/>
      <line num="11" count="6" type="stmt"/>
      <line num="19" count="6" type="stmt"/>
    </file>
  </project>
</coverage>
