{"C:\\Users\\nizam\\Desktop\\desktop\\Dev\\appointments\\src\\Appointment.js": {"path":"C:\\Users\\nizam\\Desktop\\desktop\\Dev\\appointments\\src\\Appointment.js","statementMap":{"0":{"start":{"line":3,"column":29},"end":{"line":6,"column":1}},"1":{"start":{"line":4,"column":17},"end":{"line":4,"column":61}},"2":{"start":{"line":5,"column":2},"end":{"line":5,"column":21}},"3":{"start":{"line":8,"column":27},"end":{"line":8,"column":76}},"4":{"start":{"line":8,"column":45},"end":{"line":8,"column":76}},"5":{"start":{"line":10,"column":35},"end":{"line":25,"column":1}},"6":{"start":{"line":11,"column":2},"end":{"line":24,"column":8}},"7":{"start":{"line":19,"column":8},"end":{"line":21,"column":13}}},"fnMap":{"0":{"name":"(anonymous_0)","decl":{"start":{"line":3,"column":29},"end":{"line":3,"column":30}},"loc":{"start":{"line":3,"column":43},"end":{"line":6,"column":1}},"line":3},"1":{"name":"(anonymous_1)","decl":{"start":{"line":8,"column":27},"end":{"line":8,"column":28}},"loc":{"start":{"line":8,"column":45},"end":{"line":8,"column":76}},"line":8},"2":{"name":"(anonymous_2)","decl":{"start":{"line":10,"column":35},"end":{"line":10,"column":36}},"loc":{"start":{"line":11,"column":2},"end":{"line":24,"column":8}},"line":11},"3":{"name":"(anonymous_3)","decl":{"start":{"line":18,"column":24},"end":{"line":18,"column":25}},"loc":{"start":{"line":19,"column":8},"end":{"line":21,"column":13}},"line":19}},"branchMap":{"0":{"loc":{"start":{"line":12,"column":5},"end":{"line":16,"column":5}},"type":"cond-expr","locations":[{"start":{"line":13,"column":6},"end":{"line":13,"column":59}},{"start":{"line":15,"column":6},"end":{"line":15,"column":42}}],"line":12}},"s":{"0":1,"1":6,"2":6,"3":1,"4":5,"5":1,"6":6,"7":6},"f":{"0":6,"1":5,"2":6,"3":6},"b":{"0":[3,3]},"_coverageSchema":"1a1c01bbd47fc00a2c39e90264f33305004495a9","hash":"d74b045687a2661fd2fdbf6df67c252cd6e18c27"}
}
