{"C:\\Users\\nizam\\Desktop\\desktop\\Dev\\appointments\\src\\Appointment.js": {"path":"C:\\Users\\nizam\\Desktop\\desktop\\Dev\\appointments\\src\\Appointment.js","statementMap":{"0":{"start":{"line":3,"column":27},"end":{"line":3,"column":76}},"1":{"start":{"line":3,"column":45},"end":{"line":3,"column":76}}},"fnMap":{"0":{"name":"(anonymous_0)","decl":{"start":{"line":3,"column":27},"end":{"line":3,"column":28}},"loc":{"start":{"line":3,"column":45},"end":{"line":3,"column":76}},"line":3}},"branchMap":{},"s":{"0":1,"1":2},"f":{"0":2},"b":{},"_coverageSchema":"1a1c01bbd47fc00a2c39e90264f33305004495a9","hash":"f612ff1516f761aaa0592a09ded70e05defd3904"}
}
